Cloning into '/home/parallels/CartoDB-SQL-API'...
Already on 'master'
Your branch is up-to-date with 'origin/master'.
npm http GET https://registry.npmjs.org/oauth-client/-/oauth-client-0.3.0.tgz
npm http GET https://github.com/CartoDB/node-cartodb-redis/tarball/0.11.0
npm http GET https://registry.npmjs.org/node-statsd/-/node-statsd-0.0.7.tgz
npm http GET https://registry.npmjs.org/rollbar/-/rollbar-0.3.13.tgz
npm http GET https://registry.npmjs.org/cartodb-psql/-/cartodb-psql-0.5.1.tgz
npm http GET https://github.com/CartoDB/log4js-node/tarball/cdb
npm http GET https://registry.npmjs.org/step/-/step-0.0.5.tgz
npm http GET https://registry.npmjs.org/redis/0.7.1
npm http GET https://registry.npmjs.org/express/-/express-2.5.11.tgz
npm http GET https://registry.npmjs.org/shapefile/0.3.0
npm http GET https://registry.npmjs.org/mocha
npm http GET https://registry.npmjs.org/jshint
npm http GET https://registry.npmjs.org/zipfile
npm http GET https://registry.npmjs.org/libxmljs
npm http GET https://registry.npmjs.org/sqlite3
npm http GET https://registry.npmjs.org/step-profiler/-/step-profiler-0.1.0.tgz
npm http GET https://registry.npmjs.org/lru-cache/-/lru-cache-2.5.2.tgz
npm http GET https://registry.npmjs.org/topojson/-/topojson-0.0.8.tgz
npm http GET https://registry.npmjs.org/underscore/-/underscore-1.6.0.tgz
npm http 200 https://registry.npmjs.org/oauth-client/-/oauth-client-0.3.0.tgz
npm http 200 https://registry.npmjs.org/step/-/step-0.0.5.tgz
npm http 200 https://registry.npmjs.org/cartodb-psql/-/cartodb-psql-0.5.1.tgz
npm http 200 https://registry.npmjs.org/node-statsd/-/node-statsd-0.0.7.tgz
npm http 200 https://registry.npmjs.org/step-profiler/-/step-profiler-0.1.0.tgz
npm http 200 https://registry.npmjs.org/rollbar/-/rollbar-0.3.13.tgz
npm http 200 https://registry.npmjs.org/lru-cache/-/lru-cache-2.5.2.tgz
npm http 200 https://registry.npmjs.org/express/-/express-2.5.11.tgz
npm http 200 https://registry.npmjs.org/underscore/-/underscore-1.6.0.tgz
npm http 200 https://registry.npmjs.org/mocha
npm http 200 https://registry.npmjs.org/topojson/-/topojson-0.0.8.tgz
npm http 200 https://registry.npmjs.org/jshint
npm http 200 https://registry.npmjs.org/shapefile/0.3.0
npm http GET https://registry.npmjs.org/mocha/-/mocha-1.21.5.tgz
npm http GET https://registry.npmjs.org/jshint/-/jshint-2.6.3.tgz
npm http GET https://registry.npmjs.org/shapefile/-/shapefile-0.3.0.tgz
npm http 200 https://registry.npmjs.org/shapefile/-/shapefile-0.3.0.tgz
npm http 200 https://registry.npmjs.org/libxmljs
npm http 200 https://registry.npmjs.org/mocha/-/mocha-1.21.5.tgz
npm http 200 https://registry.npmjs.org/jshint/-/jshint-2.6.3.tgz
npm http GET https://registry.npmjs.org/libxmljs/-/libxmljs-0.8.1.tgz
npm http 200 https://registry.npmjs.org/sqlite3
npm http 200 https://registry.npmjs.org/redis/0.7.1
npm http GET https://registry.npmjs.org/sqlite3/-/sqlite3-3.0.8.tgz
npm http GET https://registry.npmjs.org/redis/-/redis-0.7.1.tgz
npm http 200 https://registry.npmjs.org/libxmljs/-/libxmljs-0.8.1.tgz
npm http 200 https://registry.npmjs.org/sqlite3/-/sqlite3-3.0.8.tgz
npm http 200 https://registry.npmjs.org/redis/-/redis-0.7.1.tgz
npm http 200 https://github.com/CartoDB/node-cartodb-redis/tarball/0.11.0
npm http 200 https://github.com/CartoDB/log4js-node/tarball/cdb
npm http 200 https://registry.npmjs.org/zipfile
npm http GET https://registry.npmjs.org/zipfile/-/zipfile-0.5.7.tgz
npm http 200 https://registry.npmjs.org/zipfile/-/zipfile-0.5.7.tgz
npm http GET https://registry.npmjs.org/strftime/-/strftime-0.8.4.tgz
npm http GET https://registry.npmjs.org/dot/-/dot-1.0.3.tgz
npm http GET https://registry.npmjs.org/node-uuid/-/node-uuid-1.1.0.tgz
npm http GET https://registry.npmjs.org/node-uuid/-/node-uuid-1.4.3.tgz
npm http GET https://registry.npmjs.org/lru-cache/-/lru-cache-2.2.4.tgz
npm http GET https://registry.npmjs.org/json-stringify-safe/-/json-stringify-safe-5.0.1.tgz
npm http 200 https://registry.npmjs.org/strftime/-/strftime-0.8.4.tgz
npm http 200 https://registry.npmjs.org/dot/-/dot-1.0.3.tgz
npm http 200 https://registry.npmjs.org/json-stringify-safe/-/json-stringify-safe-5.0.1.tgz
npm http GET https://registry.npmjs.org/connect/-/connect-1.9.2.tgz
npm http GET https://registry.npmjs.org/mime/-/mime-1.2.4.tgz
npm http GET https://registry.npmjs.org/qs/-/qs-0.4.2.tgz
npm http GET https://registry.npmjs.org/mkdirp/-/mkdirp-0.3.0.tgz
npm http 200 https://registry.npmjs.org/node-uuid/-/node-uuid-1.1.0.tgz
npm http 200 https://registry.npmjs.org/qs/-/qs-0.4.2.tgz
npm http 200 https://registry.npmjs.org/mkdirp/-/mkdirp-0.3.0.tgz
npm http 200 https://registry.npmjs.org/lru-cache/-/lru-cache-2.2.4.tgz
npm http 200 https://registry.npmjs.org/node-uuid/-/node-uuid-1.4.3.tgz
npm http 200 https://registry.npmjs.org/connect/-/connect-1.9.2.tgz
npm http 200 https://registry.npmjs.org/mime/-/mime-1.2.4.tgz
npm http GET https://registry.npmjs.org/iconv-lite
npm http GET https://registry.npmjs.org/optimist
npm http GET https://registry.npmjs.org/queue-async
npm http 200 https://registry.npmjs.org/iconv-lite
npm http 200 https://registry.npmjs.org/optimist
npm http GET https://registry.npmjs.org/iconv-lite/-/iconv-lite-0.2.11.tgz
npm http GET https://registry.npmjs.org/optimist/-/optimist-0.3.7.tgz
npm http GET https://registry.npmjs.org/commander/2.3.0
npm http GET https://registry.npmjs.org/debug/2.0.0
npm http GET https://registry.npmjs.org/diff/1.0.8
npm http GET https://registry.npmjs.org/escape-string-regexp/1.0.2
npm http GET https://registry.npmjs.org/glob/3.2.3
npm http GET https://registry.npmjs.org/growl/1.8.1
npm http GET https://registry.npmjs.org/jade/0.26.3
npm http GET https://registry.npmjs.org/mkdirp/0.5.0
npm http GET https://registry.npmjs.org/underscore/-/underscore-1.8.2.tgz
npm http GET https://registry.npmjs.org/semver/-/semver-4.3.6.tgz
npm http GET https://registry.npmjs.org/async/-/async-0.2.10.tgz
npm http GET https://registry.npmjs.org/readable-stream/-/readable-stream-1.0.33.tgz
npm http 200 https://registry.npmjs.org/queue-async
npm http GET https://registry.npmjs.org/queue-async/-/queue-async-1.0.7.tgz
npm http 200 https://registry.npmjs.org/optimist/-/optimist-0.3.7.tgz
npm http 200 https://registry.npmjs.org/iconv-lite/-/iconv-lite-0.2.11.tgz
npm http 200 https://registry.npmjs.org/readable-stream/-/readable-stream-1.0.33.tgz
npm http 200 https://registry.npmjs.org/queue-async/-/queue-async-1.0.7.tgz
npm http 200 https://registry.npmjs.org/glob/3.2.3
npm http 200 https://registry.npmjs.org/diff/1.0.8
npm http GET https://registry.npmjs.org/glob/-/glob-3.2.3.tgz
npm http 200 https://registry.npmjs.org/underscore/-/underscore-1.8.2.tgz
npm http 200 https://registry.npmjs.org/semver/-/semver-4.3.6.tgz
npm http 200 https://registry.npmjs.org/async/-/async-0.2.10.tgz
npm http GET https://registry.npmjs.org/diff/-/diff-1.0.8.tgz
npm http 200 https://registry.npmjs.org/debug/2.0.0
npm http 200 https://registry.npmjs.org/commander/2.3.0
npm http 200 https://registry.npmjs.org/escape-string-regexp/1.0.2
npm http GET https://registry.npmjs.org/debug/-/debug-2.0.0.tgz
npm http GET https://registry.npmjs.org/commander/-/commander-2.3.0.tgz
npm http GET https://registry.npmjs.org/escape-string-regexp/-/escape-string-regexp-1.0.2.tgz
npm http 200 https://registry.npmjs.org/mkdirp/0.5.0
npm http GET https://registry.npmjs.org/mkdirp/-/mkdirp-0.5.0.tgz
npm http 200 https://registry.npmjs.org/growl/1.8.1
npm http GET https://registry.npmjs.org/growl/-/growl-1.8.1.tgz
npm http 200 https://registry.npmjs.org/diff/-/diff-1.0.8.tgz
npm http 200 https://registry.npmjs.org/glob/-/glob-3.2.3.tgz
npm http 200 https://registry.npmjs.org/mkdirp/-/mkdirp-0.5.0.tgz
npm http 200 https://registry.npmjs.org/growl/-/growl-1.8.1.tgz
npm http 200 https://registry.npmjs.org/debug/-/debug-2.0.0.tgz
npm http 200 https://registry.npmjs.org/commander/-/commander-2.3.0.tgz
npm http 200 https://registry.npmjs.org/escape-string-regexp/-/escape-string-regexp-1.0.2.tgz
npm http 200 https://registry.npmjs.org/jade/0.26.3
npm http GET https://registry.npmjs.org/jade/-/jade-0.26.3.tgz
npm http GET https://registry.npmjs.org/generic-pool/-/generic-pool-2.1.1.tgz
npm http GET https://registry.npmjs.org/redis/-/redis-0.12.1.tgz
npm http GET https://registry.npmjs.org/hiredis/-/hiredis-0.1.17.tgz
npm http 200 https://registry.npmjs.org/jade/-/jade-0.26.3.tgz
npm http 200 https://registry.npmjs.org/generic-pool/-/generic-pool-2.1.1.tgz
npm http 200 https://registry.npmjs.org/redis/-/redis-0.12.1.tgz
npm http 200 https://registry.npmjs.org/hiredis/-/hiredis-0.1.17.tgz
npm http GET https://registry.npmjs.org/inherits/2.0.1
npm http GET https://registry.npmjs.org/string_decoder/-/string_decoder-0.10.31.tgz
npm http GET https://registry.npmjs.org/core-util-is/-/core-util-is-1.0.1.tgz
npm http GET https://registry.npmjs.org/isarray/-/isarray-0.0.1.tgz
npm http 200 https://registry.npmjs.org/inherits/2.0.1
npm http 200 https://registry.npmjs.org/core-util-is/-/core-util-is-1.0.1.tgz
npm http 200 https://registry.npmjs.org/string_decoder/-/string_decoder-0.10.31.tgz
npm http 200 https://registry.npmjs.org/isarray/-/isarray-0.0.1.tgz
npm http GET https://registry.npmjs.org/inherits/-/inherits-2.0.1.tgz
npm http 200 https://registry.npmjs.org/inherits/-/inherits-2.0.1.tgz
npm http GET https://registry.npmjs.org/exit
npm http GET https://registry.npmjs.org/cli
npm http GET https://registry.npmjs.org/console-browserify
npm http GET https://registry.npmjs.org/htmlparser2
npm http GET https://registry.npmjs.org/minimatch
npm http GET https://registry.npmjs.org/shelljs
npm http GET https://registry.npmjs.org/strip-json-comments
npm http 200 https://registry.npmjs.org/exit
npm http 200 https://registry.npmjs.org/console-browserify
npm http 200 https://registry.npmjs.org/cli
npm http GET https://registry.npmjs.org/exit/-/exit-0.1.2.tgz
npm http GET https://registry.npmjs.org/console-browserify/-/console-browserify-1.1.0.tgz
npm http 200 https://registry.npmjs.org/strip-json-comments
npm http 200 https://registry.npmjs.org/minimatch
npm http 200 https://registry.npmjs.org/htmlparser2
npm http GET https://registry.npmjs.org/cli/-/cli-0.6.6.tgz
npm http GET https://registry.npmjs.org/strip-json-comments/-/strip-json-comments-1.0.2.tgz
npm http GET https://registry.npmjs.org/minimatch/-/minimatch-1.0.0.tgz
npm http 200 https://registry.npmjs.org/shelljs
npm http GET https://registry.npmjs.org/htmlparser2/-/htmlparser2-3.8.3.tgz
npm http GET https://registry.npmjs.org/shelljs/-/shelljs-0.3.0.tgz
npm http GET https://registry.npmjs.org/ms/0.6.2
npm http 200 https://registry.npmjs.org/console-browserify/-/console-browserify-1.1.0.tgz
npm http 200 https://registry.npmjs.org/exit/-/exit-0.1.2.tgz
npm http GET https://registry.npmjs.org/minimist/0.0.8
npm http 200 https://registry.npmjs.org/strip-json-comments/-/strip-json-comments-1.0.2.tgz
npm http 200 https://registry.npmjs.org/shelljs/-/shelljs-0.3.0.tgz
npm http 200 https://registry.npmjs.org/htmlparser2/-/htmlparser2-3.8.3.tgz
npm http 200 https://registry.npmjs.org/cli/-/cli-0.6.6.tgz
npm http 200 https://registry.npmjs.org/minimatch/-/minimatch-1.0.0.tgz
npm http 200 https://registry.npmjs.org/ms/0.6.2
npm http GET https://registry.npmjs.org/graceful-fs
npm http GET https://registry.npmjs.org/inherits
npm http GET https://registry.npmjs.org/ms/-/ms-0.6.2.tgz
npm http GET https://registry.npmjs.org/minimatch/-/minimatch-0.2.14.tgz
npm http 200 https://registry.npmjs.org/minimist/0.0.8
npm http GET https://registry.npmjs.org/minimist/-/minimist-0.0.8.tgz
npm http 200 https://registry.npmjs.org/inherits
npm http 200 https://registry.npmjs.org/ms/-/ms-0.6.2.tgz
npm http 200 https://registry.npmjs.org/minimatch/-/minimatch-0.2.14.tgz
npm http 200 https://registry.npmjs.org/minimist/-/minimist-0.0.8.tgz
npm http 200 https://registry.npmjs.org/graceful-fs
npm http GET https://registry.npmjs.org/graceful-fs/-/graceful-fs-2.0.3.tgz
npm http GET https://registry.npmjs.org/nan/-/nan-1.1.2.tgz
npm http GET https://registry.npmjs.org/bindings/-/bindings-1.2.1.tgz
npm http 200 https://registry.npmjs.org/graceful-fs/-/graceful-fs-2.0.3.tgz
npm http GET https://registry.npmjs.org/commander/0.6.1
npm http GET https://registry.npmjs.org/mkdirp/0.3.0
npm http 200 https://registry.npmjs.org/bindings/-/bindings-1.2.1.tgz
npm http 200 https://registry.npmjs.org/nan/-/nan-1.1.2.tgz
npm http 200 https://registry.npmjs.org/mkdirp/0.3.0
npm http 200 https://registry.npmjs.org/commander/0.6.1
npm http GET https://registry.npmjs.org/mkdirp/-/mkdirp-0.3.0.tgz
npm http GET https://registry.npmjs.org/commander/-/commander-0.6.1.tgz
npm http 200 https://registry.npmjs.org/mkdirp/-/mkdirp-0.3.0.tgz
npm http 200 https://registry.npmjs.org/commander/-/commander-0.6.1.tgz
npm http GET https://registry.npmjs.org/formidable/-/formidable-1.0.17.tgz
npm http 200 https://registry.npmjs.org/formidable/-/formidable-1.0.17.tgz
npm http GET https://registry.npmjs.org/sigmund
npm http 200 https://registry.npmjs.org/sigmund
npm http GET https://registry.npmjs.org/sigmund/-/sigmund-1.0.1.tgz
npm http 200 https://registry.npmjs.org/sigmund/-/sigmund-1.0.1.tgz
npm http GET https://registry.npmjs.org/wordwrap

> hiredis@0.1.17 install /home/parallels/CartoDB-SQL-API/node_modules/cartodb-redis/node_modules/redis-mpool/node_modules/hiredis
> node-gyp rebuild

npm http 200 https://registry.npmjs.org/wordwrap
npm http GET https://registry.npmjs.org/wordwrap/-/wordwrap-0.0.3.tgz
npm http 200 https://registry.npmjs.org/wordwrap/-/wordwrap-0.0.3.tgz
npm http GET https://registry.npmjs.org/date-now
make: Entering directory `/home/parallels/CartoDB-SQL-API/node_modules/cartodb-redis/node_modules/redis-mpool/node_modules/hiredis/build'
  CC(target) Release/obj.target/hiredis/deps/hiredis/hiredis.o
npm http GET https://registry.npmjs.org/glob
npm http 200 https://registry.npmjs.org/date-now
npm http GET https://registry.npmjs.org/date-now/-/date-now-0.1.4.tgz
npm http 200 https://registry.npmjs.org/date-now/-/date-now-0.1.4.tgz
npm http GET https://registry.npmjs.org/domhandler
npm http GET https://registry.npmjs.org/domutils
npm http GET https://registry.npmjs.org/domelementtype
npm http GET https://registry.npmjs.org/readable-stream
npm http GET https://registry.npmjs.org/entities
npm http 200 https://registry.npmjs.org/glob
npm http GET https://registry.npmjs.org/glob/-/glob-3.2.11.tgz
npm http 200 https://registry.npmjs.org/entities
npm http GET https://registry.npmjs.org/entities/-/entities-1.0.0.tgz
npm http 200 https://registry.npmjs.org/domelementtype
npm http GET https://registry.npmjs.org/domelementtype/-/domelementtype-1.3.0.tgz
  CC(target) Release/obj.target/hiredis/deps/hiredis/net.o
npm http 200 https://registry.npmjs.org/domhandler
npm http 200 https://registry.npmjs.org/domutils
npm http GET https://registry.npmjs.org/domhandler/-/domhandler-2.3.0.tgz
npm http GET https://registry.npmjs.org/domutils/-/domutils-1.5.1.tgz
npm http 200 https://registry.npmjs.org/readable-stream
npm http 200 https://registry.npmjs.org/glob/-/glob-3.2.11.tgz
npm http GET https://registry.npmjs.org/readable-stream/-/readable-stream-1.1.13.tgz
npm http 200 https://registry.npmjs.org/entities/-/entities-1.0.0.tgz
npm http 200 https://registry.npmjs.org/domelementtype/-/domelementtype-1.3.0.tgz
  CC(target) Release/obj.target/hiredis/deps/hiredis/sds.o
npm http 200 https://registry.npmjs.org/domhandler/-/domhandler-2.3.0.tgz
npm http 200 https://registry.npmjs.org/domutils/-/domutils-1.5.1.tgz
npm http 200 https://registry.npmjs.org/readable-stream/-/readable-stream-1.1.13.tgz
  CC(target) Release/obj.target/hiredis/deps/hiredis/async.o
npm http GET https://registry.npmjs.org/generic-pool/-/generic-pool-2.0.3.tgz
npm http GET https://registry.npmjs.org/buffer-writer/-/buffer-writer-1.0.0.tgz
  AR(target) Release/obj.target/deps/hiredis.a
  COPY Release/hiredis.a
  CXX(target) Release/obj.target/hiredis/src/hiredis.o
npm http 200 https://registry.npmjs.org/generic-pool/-/generic-pool-2.0.3.tgz
npm http 200 https://registry.npmjs.org/buffer-writer/-/buffer-writer-1.0.0.tgz
npm http GET https://registry.npmjs.org/minimatch/-/minimatch-0.3.0.tgz
npm http GET https://registry.npmjs.org/dom-serializer
  CXX(target) Release/obj.target/hiredis/src/reader.o
npm http GET https://registry.npmjs.org/core-util-is
npm http GET https://registry.npmjs.org/isarray/0.0.1
npm http GET https://registry.npmjs.org/string_decoder
npm http 200 https://registry.npmjs.org/minimatch/-/minimatch-0.3.0.tgz
npm http 200 https://registry.npmjs.org/dom-serializer
npm http GET https://registry.npmjs.org/dom-serializer/-/dom-serializer-0.1.0.tgz
npm http 200 https://registry.npmjs.org/core-util-is
npm http 200 https://registry.npmjs.org/string_decoder
npm http 200 https://registry.npmjs.org/isarray/0.0.1
npm http GET https://registry.npmjs.org/isarray/-/isarray-0.0.1.tgz

> pg@2.6.2-cdb3 install /home/parallels/CartoDB-SQL-API/node_modules/cartodb-psql/node_modules/pg
> node-gyp rebuild || (exit 0)

npm http 200 https://registry.npmjs.org/dom-serializer/-/dom-serializer-0.1.0.tgz
npm http 200 https://registry.npmjs.org/isarray/-/isarray-0.0.1.tgz
npm http GET https://registry.npmjs.org/domelementtype/-/domelementtype-1.1.3.tgz
npm http GET https://registry.npmjs.org/entities/-/entities-1.1.1.tgz
  SOLINK_MODULE(target) Release/obj.target/hiredis.node
npm http 200 https://registry.npmjs.org/domelementtype/-/domelementtype-1.1.3.tgz
npm http 200 https://registry.npmjs.org/entities/-/entities-1.1.1.tgz
make: Entering directory `/home/parallels/CartoDB-SQL-API/node_modules/cartodb-psql/node_modules/pg/build'
  CXX(target) Release/obj.target/binding/src/binding.o
  SOLINK_MODULE(target) Release/obj.target/hiredis.node: Finished
  COPY Release/hiredis.node
make: Leaving directory `/home/parallels/CartoDB-SQL-API/node_modules/cartodb-redis/node_modules/redis-mpool/node_modules/hiredis/build'
  SOLINK_MODULE(target) Release/obj.target/binding.node
  SOLINK_MODULE(target) Release/obj.target/binding.node: Finished
  COPY Release/binding.node
make: Leaving directory `/home/parallels/CartoDB-SQL-API/node_modules/cartodb-psql/node_modules/pg/build'
npm http GET https://registry.npmjs.org/bindings/1.0.0
npm http 200 https://registry.npmjs.org/bindings/1.0.0
npm http GET https://registry.npmjs.org/bindings/-/bindings-1.0.0.tgz
npm http 200 https://registry.npmjs.org/bindings/-/bindings-1.0.0.tgz

> libxmljs@0.8.1 install /home/parallels/CartoDB-SQL-API/node_modules/libxmljs
> node-gyp rebuild

npm http GET https://registry.npmjs.org/nan
npm http GET https://registry.npmjs.org/nan
npm http GET https://registry.npmjs.org/optimist/-/optimist-0.3.5.tgz
make: Entering directory `/home/parallels/CartoDB-SQL-API/node_modules/libxmljs/build'
  CC(target) Release/obj.target/libxml/vendor/libxml/buf.o
npm http 200 https://registry.npmjs.org/nan
npm http GET https://registry.npmjs.org/nan/-/nan-1.5.3.tgz
npm http 200 https://registry.npmjs.org/optimist/-/optimist-0.3.5.tgz
npm http 200 https://registry.npmjs.org/nan/-/nan-1.5.3.tgz
npm http 200 https://registry.npmjs.org/nan
npm http GET https://registry.npmjs.org/nan/-/nan-1.8.4.tgz
  CC(target) Release/obj.target/libxml/vendor/libxml/catalog.o
npm http GET https://registry.npmjs.org/wordwrap/-/wordwrap-0.0.3.tgz
npm http 200 https://registry.npmjs.org/nan/-/nan-1.8.4.tgz

> zipfile@0.5.7 install /home/parallels/CartoDB-SQL-API/node_modules/zipfile
> node-pre-gyp install --fallback-to-build

npm http 200 https://registry.npmjs.org/wordwrap/-/wordwrap-0.0.3.tgz
node-pre-gyp http GET https://mapbox-node-binary.s3.amazonaws.com/zipfile/v0.5.7/node-v11-linux-x64.tar.gz

> sqlite3@3.0.8 install /home/parallels/CartoDB-SQL-API/node_modules/sqlite3
> node-pre-gyp install --fallback-to-build

node-pre-gyp http GET https://mapbox-node-binary.s3.amazonaws.com/sqlite3/v3.0.8/node-v11-linux-x64.tar.gz
  CC(target) Release/obj.target/libxml/vendor/libxml/chvalid.o
  CC(target) Release/obj.target/libxml/vendor/libxml/dict.o
node-pre-gyp http 200 https://mapbox-node-binary.s3.amazonaws.com/zipfile/v0.5.7/node-v11-linux-x64.tar.gz
  CC(target) Release/obj.target/libxml/vendor/libxml/encoding.o
node-pre-gyp http 200 https://mapbox-node-binary.s3.amazonaws.com/sqlite3/v3.0.8/node-v11-linux-x64.tar.gz
[zipfile] Success: "/home/parallels/CartoDB-SQL-API/node_modules/zipfile/lib/binding/node-v11-linux-x64/zipfile.node" is installed via remote
  CC(target) Release/obj.target/libxml/vendor/libxml/entities.o
  CC(target) Release/obj.target/libxml/vendor/libxml/error.o
  CC(target) Release/obj.target/libxml/vendor/libxml/globals.o
[sqlite3] Success: "/home/parallels/CartoDB-SQL-API/node_modules/sqlite3/lib/binding/node-v11-linux-x64/node_sqlite3.node" is installed via remote
  CC(target) Release/obj.target/libxml/vendor/libxml/hash.o
  CC(target) Release/obj.target/libxml/vendor/libxml/HTMLparser.o
  CC(target) Release/obj.target/libxml/vendor/libxml/HTMLtree.o
  CC(target) Release/obj.target/libxml/vendor/libxml/legacy.o
  CC(target) Release/obj.target/libxml/vendor/libxml/list.o
  CC(target) Release/obj.target/libxml/vendor/libxml/parser.o
../vendor/libxml/parser.c: In function ‘xmlParseInNodeContext’:
../vendor/libxml/parser.c:13492:9: warning: pointer targets in passing argument 1 of ‘xmlFindCharEncodingHandler’ differ in signedness [-Wpointer-sign]
         hdlr = xmlFindCharEncodingHandler(doc->encoding);
         ^
In file included from ../vendor/libxml/include/libxml/parser.h:809:0,
                 from ../vendor/libxml/include/libxml/globals.h:18,
                 from ../vendor/libxml/include/libxml/threads.h:35,
                 from ../vendor/libxml/include/libxml/xmlmemory.h:218,
                 from ../vendor/libxml/parser.c:46:
../vendor/libxml/include/libxml/encoding.h:175:2: note: expected ‘const char *’ but argument is of type ‘const xmlChar *’
  xmlFindCharEncodingHandler (const char *name);
  ^
  CC(target) Release/obj.target/libxml/vendor/libxml/parserInternals.o
  CC(target) Release/obj.target/libxml/vendor/libxml/pattern.o
  CC(target) Release/obj.target/libxml/vendor/libxml/relaxng.o
  CC(target) Release/obj.target/libxml/vendor/libxml/SAX2.o
  CC(target) Release/obj.target/libxml/vendor/libxml/SAX.o
  CC(target) Release/obj.target/libxml/vendor/libxml/tree.o
  CC(target) Release/obj.target/libxml/vendor/libxml/threads.o
  CC(target) Release/obj.target/libxml/vendor/libxml/uri.o
  CC(target) Release/obj.target/libxml/vendor/libxml/valid.o
  CC(target) Release/obj.target/libxml/vendor/libxml/xinclude.o
  CC(target) Release/obj.target/libxml/vendor/libxml/xlink.o
  CC(target) Release/obj.target/libxml/vendor/libxml/xmlIO.o
  CC(target) Release/obj.target/libxml/vendor/libxml/xmlmemory.o
  CC(target) Release/obj.target/libxml/vendor/libxml/xmlmodule.o
  CC(target) Release/obj.target/libxml/vendor/libxml/xmlreader.o
  CC(target) Release/obj.target/libxml/vendor/libxml/xmlregexp.o
  CC(target) Release/obj.target/libxml/vendor/libxml/xmlsave.o
  CC(target) Release/obj.target/libxml/vendor/libxml/xmlschemas.o
  CC(target) Release/obj.target/libxml/vendor/libxml/xmlschemastypes.o
  CC(target) Release/obj.target/libxml/vendor/libxml/xmlstring.o
  CC(target) Release/obj.target/libxml/vendor/libxml/xmlunicode.o
  CC(target) Release/obj.target/libxml/vendor/libxml/xmlwriter.o
  CC(target) Release/obj.target/libxml/vendor/libxml/xpath.o
../vendor/libxml/xpath.c: In function ‘xmlXPathNodeCollectAndTest’:
../vendor/libxml/xpath.c:12401:28: warning: comparison between ‘xmlElementType’ and ‘xmlXPathTypeVal’ [-Wenum-compare]
       } else if (cur->type == type) {
                            ^
../vendor/libxml/xpath.c:12402:13: warning: comparison between ‘xmlXPathTypeVal’ and ‘enum <anonymous>’ [-Wenum-compare]
    if (type == XML_NAMESPACE_DECL)
             ^
In file included from ../vendor/libxml/xpath.c:185:0:
../vendor/libxml/xpath.c: At top level:
../vendor/libxml/trionan.c:218:1: warning: ‘trio_is_negative’ defined but not used [-Wunused-function]
 trio_is_negative
 ^
  CC(target) Release/obj.target/libxml/vendor/libxml/xpointer.o
../vendor/libxml/xpointer.c: In function ‘xmlXPtrNewRangeNodePoint’:
../vendor/libxml/xpointer.c:451:21: warning: comparison between ‘xmlElementType’ and ‘enum <anonymous>’ [-Wenum-compare]
     if (start->type != XPATH_POINT)
                     ^
  AR(target) Release/obj.target/vendor/libxml/xml.a
  COPY Release/xml.a
  CXX(target) Release/obj.target/xmljs/src/libxmljs.o
  CXX(target) Release/obj.target/xmljs/src/xml_attribute.o
  CXX(target) Release/obj.target/xmljs/src/xml_document.o
  CXX(target) Release/obj.target/xmljs/src/xml_element.o
  CXX(target) Release/obj.target/xmljs/src/xml_namespace.o
  CXX(target) Release/obj.target/xmljs/src/xml_node.o
  CXX(target) Release/obj.target/xmljs/src/xml_sax_parser.o
  CXX(target) Release/obj.target/xmljs/src/xml_syntax_error.o
  CXX(target) Release/obj.target/xmljs/src/xml_xpath_context.o
  SOLINK_MODULE(target) Release/obj.target/xmljs.node
  SOLINK_MODULE(target) Release/obj.target/xmljs.node: Finished
  COPY Release/xmljs.node
make: Leaving directory `/home/parallels/CartoDB-SQL-API/node_modules/libxmljs/build'
step-profiler@0.1.0 node_modules/step-profiler

step@0.0.5 node_modules/step

node-statsd@0.0.7 node_modules/node-statsd

lru-cache@2.5.2 node_modules/lru-cache

underscore@1.6.0 node_modules/underscore

redis@0.7.1 node_modules/redis

oauth-client@0.3.0 node_modules/oauth-client
└── node-uuid@1.1.0

rollbar@0.3.13 node_modules/rollbar
├── json-stringify-safe@5.0.1
├── lru-cache@2.2.4
└── node-uuid@1.4.3

log4js@0.6.25 node_modules/log4js
├── async@0.2.10
├── underscore@1.8.2
├── semver@4.3.6
└── readable-stream@1.0.33 (isarray@0.0.1, inherits@2.0.1, string_decoder@0.10.31, core-util-is@1.0.1)

express@2.5.11 node_modules/express
├── qs@0.4.2
├── mime@1.2.4
├── mkdirp@0.3.0
└── connect@1.9.2 (formidable@1.0.17)

mocha@1.21.5 node_modules/mocha
├── escape-string-regexp@1.0.2
├── diff@1.0.8
├── growl@1.8.1
├── commander@2.3.0
├── debug@2.0.0 (ms@0.6.2)
├── mkdirp@0.5.0 (minimist@0.0.8)
├── jade@0.26.3 (commander@0.6.1, mkdirp@0.3.0)
└── glob@3.2.3 (inherits@2.0.1, graceful-fs@2.0.3, minimatch@0.2.14)

shapefile@0.3.0 node_modules/shapefile
├── queue-async@1.0.7
├── iconv-lite@0.2.11
└── optimist@0.3.7 (wordwrap@0.0.3)

cartodb-redis@0.11.0 node_modules/cartodb-redis
├── strftime@0.8.4
├── dot@1.0.3
└── redis-mpool@0.1.0 (generic-pool@2.1.1, redis@0.12.1, hiredis@0.1.17)

jshint@2.6.3 node_modules/jshint
├── strip-json-comments@1.0.2
├── exit@0.1.2
├── minimatch@1.0.0 (sigmund@1.0.1)
├── shelljs@0.3.0
├── console-browserify@1.1.0 (date-now@0.1.4)
├── cli@0.6.6 (glob@3.2.11)
└── htmlparser2@3.8.3 (domelementtype@1.3.0, entities@1.0.0, domhandler@2.3.0, readable-stream@1.1.13, domutils@1.5.1)

cartodb-psql@0.5.1 node_modules/cartodb-psql
└── pg@2.6.2-cdb3 (buffer-writer@1.0.0, generic-pool@2.0.3)

topojson@0.0.8 node_modules/topojson
└── optimist@0.3.5 (wordwrap@0.0.3)

zipfile@0.5.7 node_modules/zipfile
└── nan@1.5.3

sqlite3@3.0.8 node_modules/sqlite3
└── nan@1.8.4

libxmljs@0.8.1 node_modules/libxmljs
└── bindings@1.0.0
