Reading package lists...
Building dependency tree...
Reading state information...
The following extra packages will be installed:
  libossp-uuid16 postgresql-client-common postgresql-common
Suggested packages:
  uuid oidentd ident-server locales-all postgresql-doc-9.3 libdbd-pg-perl
The following NEW packages will be installed:
  libossp-uuid16 postgresql-9.3 postgresql-client-9.3 postgresql-client-common
  postgresql-common postgresql-contrib-9.3 postgresql-server-dev-9.3
0 upgraded, 7 newly installed, 0 to remove and 447 not upgraded.
Need to get 4,606 kB of archives.
After this operation, 20.4 MB of additional disk space will be used.
Get:1 http://us.archive.ubuntu.com/ubuntu/ trusty/main libossp-uuid16 amd64 1.6.2-1.3ubuntu1 [29.6 kB]
Get:2 http://us.archive.ubuntu.com/ubuntu/ trusty-updates/main postgresql-client-common all 154ubuntu1 [25.4 kB]
Get:3 http://us.archive.ubuntu.com/ubuntu/ trusty-updates/main postgresql-client-9.3 amd64 9.3.9-0ubuntu0.14.04 [783 kB]
Get:4 http://us.archive.ubuntu.com/ubuntu/ trusty-updates/main postgresql-common all 154ubuntu1 [103 kB]
Get:5 http://us.archive.ubuntu.com/ubuntu/ trusty-updates/main postgresql-9.3 amd64 9.3.9-0ubuntu0.14.04 [2,666 kB]
Get:6 http://us.archive.ubuntu.com/ubuntu/ trusty-updates/main postgresql-contrib-9.3 amd64 9.3.9-0ubuntu0.14.04 [401 kB]
Get:7 http://us.archive.ubuntu.com/ubuntu/ trusty-updates/main postgresql-server-dev-9.3 amd64 9.3.9-0ubuntu0.14.04 [599 kB]
Preconfiguring packages ...
Fetched 4,606 kB in 4s (1,052 kB/s)
Selecting previously unselected package libossp-uuid16.
(Reading database ... 218430 files and directories currently installed.)
Preparing to unpack .../libossp-uuid16_1.6.2-1.3ubuntu1_amd64.deb ...
Unpacking libossp-uuid16 (1.6.2-1.3ubuntu1) ...
Selecting previously unselected package postgresql-client-common.
Preparing to unpack .../postgresql-client-common_154ubuntu1_all.deb ...
Unpacking postgresql-client-common (154ubuntu1) ...
Selecting previously unselected package postgresql-client-9.3.
Preparing to unpack .../postgresql-client-9.3_9.3.9-0ubuntu0.14.04_amd64.deb ...
Unpacking postgresql-client-9.3 (9.3.9-0ubuntu0.14.04) ...
Selecting previously unselected package postgresql-common.
Preparing to unpack .../postgresql-common_154ubuntu1_all.deb ...
Adding 'diversion of /usr/bin/pg_config to /usr/bin/pg_config.libpq-dev by postgresql-common'
Unpacking postgresql-common (154ubuntu1) ...
Selecting previously unselected package postgresql-9.3.
Preparing to unpack .../postgresql-9.3_9.3.9-0ubuntu0.14.04_amd64.deb ...
Unpacking postgresql-9.3 (9.3.9-0ubuntu0.14.04) ...
Selecting previously unselected package postgresql-contrib-9.3.
Preparing to unpack .../postgresql-contrib-9.3_9.3.9-0ubuntu0.14.04_amd64.deb ...
Unpacking postgresql-contrib-9.3 (9.3.9-0ubuntu0.14.04) ...
Selecting previously unselected package postgresql-server-dev-9.3.
Preparing to unpack .../postgresql-server-dev-9.3_9.3.9-0ubuntu0.14.04_amd64.deb ...
Unpacking postgresql-server-dev-9.3 (9.3.9-0ubuntu0.14.04) ...
Processing triggers for man-db (2.6.7.1-1) ...
Processing triggers for ureadahead (0.100.0-16) ...
Setting up libossp-uuid16 (1.6.2-1.3ubuntu1) ...
Setting up postgresql-client-common (154ubuntu1) ...
Setting up postgresql-client-9.3 (9.3.9-0ubuntu0.14.04) ...
update-alternatives: using /usr/share/postgresql/9.3/man/man1/psql.1.gz to provide /usr/share/man/man1/psql.1.gz (psql.1.gz) in auto mode
Setting up postgresql-common (154ubuntu1) ...
Adding user postgres to group ssl-cert

Creating config file /etc/logrotate.d/postgresql-common with new version
Building PostgreSQL dictionaries from installed myspell/hunspell packages...
  en_au
  en_gb
  en_us
  en_za
Removing obsolete dictionary files:
 * No PostgreSQL clusters exist; see "man pg_createcluster"
Processing triggers for ureadahead (0.100.0-16) ...
Setting up postgresql-server-dev-9.3 (9.3.9-0ubuntu0.14.04) ...
Setting up postgresql-9.3 (9.3.9-0ubuntu0.14.04) ...
Creating new cluster 9.3/main ...
  config /etc/postgresql/9.3/main
  data   /var/lib/postgresql/9.3/main
  locale en_US.UTF-8
  port   5432
update-alternatives: using /usr/share/postgresql/9.3/man/man1/postmaster.1.gz to provide /usr/share/man/man1/postmaster.1.gz (postmaster.1.gz) in auto mode
 * Starting PostgreSQL 9.3 database server
   ...done.
Setting up postgresql-contrib-9.3 (9.3.9-0ubuntu0.14.04) ...
Processing triggers for libc-bin (2.19-0ubuntu6.1) ...
Reading package lists...
Building dependency tree...
Reading state information...
The following NEW packages will be installed:
  postgresql-plpython-9.3
0 upgraded, 1 newly installed, 0 to remove and 447 not upgraded.
Need to get 39.5 kB of archives.
After this operation, 195 kB of additional disk space will be used.
Get:1 http://us.archive.ubuntu.com/ubuntu/ trusty-updates/main postgresql-plpython-9.3 amd64 9.3.9-0ubuntu0.14.04 [39.5 kB]
Fetched 39.5 kB in 0s (107 kB/s)
Selecting previously unselected package postgresql-plpython-9.3.
(Reading database ... 219610 files and directories currently installed.)
Preparing to unpack .../postgresql-plpython-9.3_9.3.9-0ubuntu0.14.04_amd64.deb ...
Unpacking postgresql-plpython-9.3 (9.3.9-0ubuntu0.14.04) ...
Processing triggers for postgresql-common (154ubuntu1) ...
Building PostgreSQL dictionaries from installed myspell/hunspell packages...
  en_au
  en_gb
  en_us
  en_za
Removing obsolete dictionary files:
Setting up postgresql-plpython-9.3 (9.3.9-0ubuntu0.14.04) ...
 * Restarting PostgreSQL 9.3 database server
   ...done.
