Ign http://extras.ubuntu.com trusty InRelease
Hit http://extras.ubuntu.com trusty Release.gpg
Hit http://extras.ubuntu.com trusty Release
Ign http://security.ubuntu.com trusty-security InRelease
Hit http://extras.ubuntu.com trusty/main Sources
Hit http://extras.ubuntu.com trusty/main amd64 Packages
Hit http://extras.ubuntu.com trusty/main i386 Packages
Get:1 http://security.ubuntu.com trusty-security Release.gpg [933 B]
Get:2 http://security.ubuntu.com trusty-security Release [63.5 kB]
Ign http://extras.ubuntu.com trusty/main Translation-en_US
Ign http://extras.ubuntu.com trusty/main Translation-en
Get:3 http://security.ubuntu.com trusty-security/main Sources [87.2 kB]
Get:4 http://security.ubuntu.com trusty-security/restricted Sources [2,061 B]
Ign http://us.archive.ubuntu.com trusty InRelease
Get:5 http://security.ubuntu.com trusty-security/universe Sources [26.5 kB]
Get:6 http://security.ubuntu.com trusty-security/multiverse Sources [2,337 B]
Get:7 http://security.ubuntu.com trusty-security/main amd64 Packages [304 kB]
Ign http://us.archive.ubuntu.com trusty-updates InRelease
Get:8 http://security.ubuntu.com trusty-security/restricted amd64 Packages [8,875 B]
Get:9 http://security.ubuntu.com trusty-security/universe amd64 Packages [109 kB]
Get:10 http://security.ubuntu.com trusty-security/multiverse amd64 Packages [3,691 B]
Get:11 http://security.ubuntu.com trusty-security/main i386 Packages [289 kB]
Get:12 http://security.ubuntu.com trusty-security/restricted i386 Packages [8,846 B]
Ign http://us.archive.ubuntu.com trusty-backports InRelease
Get:13 http://security.ubuntu.com trusty-security/universe i386 Packages [109 kB]
Get:14 http://security.ubuntu.com trusty-security/multiverse i386 Packages [3,854 B]
Get:15 http://security.ubuntu.com trusty-security/main Translation-en [159 kB]
Hit http://security.ubuntu.com trusty-security/multiverse Translation-en
Hit http://security.ubuntu.com trusty-security/restricted Translation-en
Hit http://us.archive.ubuntu.com trusty Release.gpg
Hit http://security.ubuntu.com trusty-security/universe Translation-en
Get:16 http://us.archive.ubuntu.com trusty-updates Release.gpg [933 B]
Hit http://us.archive.ubuntu.com trusty-backports Release.gpg
Hit http://us.archive.ubuntu.com trusty Release
Get:17 http://us.archive.ubuntu.com trusty-updates Release [63.5 kB]
Hit http://us.archive.ubuntu.com trusty-backports Release
Hit http://us.archive.ubuntu.com trusty/main Sources
Hit http://us.archive.ubuntu.com trusty/restricted Sources
Hit http://us.archive.ubuntu.com trusty/universe Sources
Hit http://us.archive.ubuntu.com trusty/multiverse Sources
Hit http://us.archive.ubuntu.com trusty/main amd64 Packages
Hit http://us.archive.ubuntu.com trusty/restricted amd64 Packages
Hit http://us.archive.ubuntu.com trusty/universe amd64 Packages
Hit http://us.archive.ubuntu.com trusty/multiverse amd64 Packages
Hit http://us.archive.ubuntu.com trusty/main i386 Packages
Hit http://us.archive.ubuntu.com trusty/restricted i386 Packages
Hit http://us.archive.ubuntu.com trusty/universe i386 Packages
Hit http://us.archive.ubuntu.com trusty/multiverse i386 Packages
Hit http://us.archive.ubuntu.com trusty/main Translation-en
Hit http://us.archive.ubuntu.com trusty/multiverse Translation-en
Hit http://us.archive.ubuntu.com trusty/restricted Translation-en
Hit http://us.archive.ubuntu.com trusty/universe Translation-en
Get:18 http://us.archive.ubuntu.com trusty-updates/main Sources [212 kB]
Get:19 http://us.archive.ubuntu.com trusty-updates/restricted Sources [3,433 B]
Get:20 http://us.archive.ubuntu.com trusty-updates/universe Sources [122 kB]
Get:21 http://us.archive.ubuntu.com trusty-updates/multiverse Sources [5,151 B]
Get:22 http://us.archive.ubuntu.com trusty-updates/main amd64 Packages [562 kB]
Get:23 http://us.archive.ubuntu.com trusty-updates/restricted amd64 Packages [11.8 kB]
Get:24 http://us.archive.ubuntu.com trusty-updates/universe amd64 Packages [290 kB]
Get:25 http://us.archive.ubuntu.com trusty-updates/multiverse amd64 Packages [11.9 kB]
Get:26 http://us.archive.ubuntu.com trusty-updates/main i386 Packages [548 kB]
Get:27 http://us.archive.ubuntu.com trusty-updates/restricted i386 Packages [11.8 kB]
Get:28 http://us.archive.ubuntu.com trusty-updates/universe i386 Packages [291 kB]
Get:29 http://us.archive.ubuntu.com trusty-updates/multiverse i386 Packages [12.1 kB]
Get:30 http://us.archive.ubuntu.com trusty-updates/main Translation-en [271 kB]
Hit http://us.archive.ubuntu.com trusty-updates/multiverse Translation-en
Hit http://us.archive.ubuntu.com trusty-updates/restricted Translation-en
Hit http://us.archive.ubuntu.com trusty-updates/universe Translation-en
Hit http://us.archive.ubuntu.com trusty-backports/main Sources
Hit http://us.archive.ubuntu.com trusty-backports/restricted Sources
Hit http://us.archive.ubuntu.com trusty-backports/universe Sources
Hit http://us.archive.ubuntu.com trusty-backports/multiverse Sources
Hit http://us.archive.ubuntu.com trusty-backports/main amd64 Packages
Hit http://us.archive.ubuntu.com trusty-backports/restricted amd64 Packages
Hit http://us.archive.ubuntu.com trusty-backports/universe amd64 Packages
Hit http://us.archive.ubuntu.com trusty-backports/multiverse amd64 Packages
Hit http://us.archive.ubuntu.com trusty-backports/main i386 Packages
Hit http://us.archive.ubuntu.com trusty-backports/restricted i386 Packages
Hit http://us.archive.ubuntu.com trusty-backports/universe i386 Packages
Hit http://us.archive.ubuntu.com trusty-backports/multiverse i386 Packages
Hit http://us.archive.ubuntu.com trusty-backports/main Translation-en
Hit http://us.archive.ubuntu.com trusty-backports/multiverse Translation-en
Hit http://us.archive.ubuntu.com trusty-backports/restricted Translation-en
Hit http://us.archive.ubuntu.com trusty-backports/universe Translation-en
Ign http://us.archive.ubuntu.com trusty/main Translation-en_US
Ign http://us.archive.ubuntu.com trusty/multiverse Translation-en_US
Ign http://us.archive.ubuntu.com trusty/restricted Translation-en_US
Ign http://us.archive.ubuntu.com trusty/universe Translation-en_US
Fetched 3,597 kB in 9s (389 kB/s)
Reading package lists...
Reading package lists...
Building dependency tree...
Reading state information...
The following NEW packages will be installed:
  python-software-properties
0 upgraded, 1 newly installed, 0 to remove and 498 not upgraded.
Need to get 19.6 kB of archives.
After this operation, 138 kB of additional disk space will be used.
Get:1 http://us.archive.ubuntu.com/ubuntu/ trusty-updates/universe python-software-properties all 0.92.37.3 [19.6 kB]
Fetched 19.6 kB in 0s (74.9 kB/s)
Selecting previously unselected package python-software-properties.
(Reading database ... 194182 files and directories currently installed.)
Preparing to unpack .../python-software-properties_0.92.37.3_all.deb ...
Unpacking python-software-properties (0.92.37.3) ...
Setting up python-software-properties (0.92.37.3) ...
gpg: keyring `/tmp/tmpikvyhsm7/secring.gpg' created
gpg: keyring `/tmp/tmpikvyhsm7/pubring.gpg' created
gpg: requesting key D878D6C2 from hkp server keyserver.ubuntu.com
gpg: /tmp/tmpikvyhsm7/trustdb.gpg: trustdb created
gpg: key D878D6C2: public key "Launchpad PPA for CartoDB" imported
gpg: Total number processed: 1
gpg:               imported: 1  (RSA: 1)
OK
gpg: keyring `/tmp/tmpo988j_aw/secring.gpg' created
gpg: keyring `/tmp/tmpo988j_aw/pubring.gpg' created
gpg: requesting key D878D6C2 from hkp server keyserver.ubuntu.com
gpg: /tmp/tmpo988j_aw/trustdb.gpg: trustdb created
gpg: key D878D6C2: public key "Launchpad PPA for CartoDB" imported
gpg: Total number processed: 1
gpg:               imported: 1  (RSA: 1)
OK
gpg: keyring `/tmp/tmp0ohq1g9n/secring.gpg' created
gpg: keyring `/tmp/tmp0ohq1g9n/pubring.gpg' created
gpg: requesting key D878D6C2 from hkp server keyserver.ubuntu.com
gpg: /tmp/tmp0ohq1g9n/trustdb.gpg: trustdb created
gpg: key D878D6C2: public key "Launchpad PPA for CartoDB" imported
gpg: Total number processed: 1
gpg:               imported: 1  (RSA: 1)
OK
gpg: keyring `/tmp/tmph_x2pv9p/secring.gpg' created
gpg: keyring `/tmp/tmph_x2pv9p/pubring.gpg' created
gpg: requesting key D878D6C2 from hkp server keyserver.ubuntu.com
gpg: /tmp/tmph_x2pv9p/trustdb.gpg: trustdb created
gpg: key D878D6C2: public key "Launchpad PPA for CartoDB" imported
gpg: Total number processed: 1
gpg:               imported: 1  (RSA: 1)
OK
gpg: keyring `/tmp/tmphqr6o3qx/secring.gpg' created
gpg: keyring `/tmp/tmphqr6o3qx/pubring.gpg' created
gpg: requesting key D878D6C2 from hkp server keyserver.ubuntu.com
gpg: /tmp/tmphqr6o3qx/trustdb.gpg: trustdb created
gpg: key D878D6C2: public key "Launchpad PPA for CartoDB" imported
gpg: Total number processed: 1
gpg:               imported: 1  (RSA: 1)
OK
gpg: keyring `/tmp/tmpg37xnn9z/secring.gpg' created
gpg: keyring `/tmp/tmpg37xnn9z/pubring.gpg' created
gpg: requesting key D878D6C2 from hkp server keyserver.ubuntu.com
gpg: /tmp/tmpg37xnn9z/trustdb.gpg: trustdb created
gpg: key D878D6C2: public key "Launchpad PPA for CartoDB" imported
gpg: Total number processed: 1
gpg:               imported: 1  (RSA: 1)
OK
gpg: keyring `/tmp/tmp2byssce9/secring.gpg' created
gpg: keyring `/tmp/tmp2byssce9/pubring.gpg' created
gpg: requesting key D878D6C2 from hkp server keyserver.ubuntu.com
gpg: /tmp/tmp2byssce9/trustdb.gpg: trustdb created
gpg: key D878D6C2: public key "Launchpad PPA for CartoDB" imported
gpg: Total number processed: 1
gpg:               imported: 1  (RSA: 1)
OK
gpg: keyring `/tmp/tmpfd1zr0mf/secring.gpg' created
gpg: keyring `/tmp/tmpfd1zr0mf/pubring.gpg' created
gpg: requesting key D878D6C2 from hkp server keyserver.ubuntu.com
gpg: /tmp/tmpfd1zr0mf/trustdb.gpg: trustdb created
gpg: key D878D6C2: public key "Launchpad PPA for CartoDB" imported
gpg: Total number processed: 1
gpg:               imported: 1  (RSA: 1)
OK
Ign http://extras.ubuntu.com trusty InRelease
Hit http://extras.ubuntu.com trusty Release.gpg
Hit http://extras.ubuntu.com trusty Release
Ign http://ppa.launchpad.net trusty InRelease
Ign http://ppa.launchpad.net trusty InRelease
Ign http://ppa.launchpad.net trusty InRelease
Hit http://extras.ubuntu.com trusty/main Sources
Ign http://ppa.launchpad.net trusty InRelease
Hit http://extras.ubuntu.com trusty/main amd64 Packages
Ign http://ppa.launchpad.net trusty InRelease
Hit http://extras.ubuntu.com trusty/main i386 Packages
Ign http://ppa.launchpad.net trusty InRelease
Ign http://ppa.launchpad.net trusty InRelease
Ign http://ppa.launchpad.net trusty InRelease
Ign http://ppa.launchpad.net trusty Release.gpg
Ign http://ppa.launchpad.net trusty Release.gpg
Ign http://ppa.launchpad.net trusty Release.gpg
Ign http://ppa.launchpad.net trusty Release.gpg
Ign http://ppa.launchpad.net trusty Release.gpg
Ign http://ppa.launchpad.net trusty Release.gpg
Ign http://ppa.launchpad.net trusty Release.gpg
Ign http://extras.ubuntu.com trusty/main Translation-en_US
Ign http://ppa.launchpad.net trusty Release.gpg
Ign http://extras.ubuntu.com trusty/main Translation-en
Ign http://ppa.launchpad.net trusty Release
Ign http://ppa.launchpad.net trusty Release
Ign http://ppa.launchpad.net trusty Release
Ign http://ppa.launchpad.net trusty Release
Ign http://ppa.launchpad.net trusty Release
Ign http://ppa.launchpad.net trusty Release
Ign http://ppa.launchpad.net trusty Release
Ign http://ppa.launchpad.net trusty Release
Ign http://us.archive.ubuntu.com trusty InRelease
Ign http://security.ubuntu.com trusty-security InRelease
Hit http://security.ubuntu.com trusty-security Release.gpg
Ign http://us.archive.ubuntu.com trusty-updates InRelease
Hit http://security.ubuntu.com trusty-security Release
Ign http://us.archive.ubuntu.com trusty-backports InRelease
Hit http://security.ubuntu.com trusty-security/main Sources
Hit http://us.archive.ubuntu.com trusty Release.gpg
Hit http://security.ubuntu.com trusty-security/restricted Sources
Err http://ppa.launchpad.net trusty/main amd64 Packages
  404  Not Found
Err http://ppa.launchpad.net trusty/main i386 Packages
  404  Not Found
Ign http://ppa.launchpad.net trusty/main Translation-en_US
Hit http://us.archive.ubuntu.com trusty-updates Release.gpg
Ign http://ppa.launchpad.net trusty/main Translation-en
Err http://ppa.launchpad.net trusty/main amd64 Packages
  404  Not Found
Err http://ppa.launchpad.net trusty/main i386 Packages
  404  Not Found
Ign http://ppa.launchpad.net trusty/main Translation-en_US
Ign http://ppa.launchpad.net trusty/main Translation-en
Err http://ppa.launchpad.net trusty/main amd64 Packages
  404  Not Found
Err http://ppa.launchpad.net trusty/main i386 Packages
  404  Not Found
Ign http://ppa.launchpad.net trusty/main Translation-en_US
Ign http://ppa.launchpad.net trusty/main Translation-en
Err http://ppa.launchpad.net trusty/main amd64 Packages
  404  Not Found
Err http://ppa.launchpad.net trusty/main i386 Packages
  404  Not Found
Ign http://ppa.launchpad.net trusty/main Translation-en_US
Ign http://ppa.launchpad.net trusty/main Translation-en
Err http://ppa.launchpad.net trusty/main amd64 Packages
  404  Not Found
Err http://ppa.launchpad.net trusty/main i386 Packages
  404  Not Found
Ign http://ppa.launchpad.net trusty/main Translation-en_US
Ign http://ppa.launchpad.net trusty/main Translation-en
Err http://ppa.launchpad.net trusty/main amd64 Packages
  404  Not Found
Err http://ppa.launchpad.net trusty/main i386 Packages
  404  Not Found
Ign http://ppa.launchpad.net trusty/main Translation-en_US
Ign http://ppa.launchpad.net trusty/main Translation-en
Hit http://security.ubuntu.com trusty-security/universe Sources
Err http://ppa.launchpad.net trusty/main amd64 Packages
  404  Not Found
Err http://ppa.launchpad.net trusty/main i386 Packages
  404  Not Found
Ign http://ppa.launchpad.net trusty/main Translation-en_US
Ign http://ppa.launchpad.net trusty/main Translation-en
Err http://ppa.launchpad.net trusty/main amd64 Packages
  404  Not Found
Err http://ppa.launchpad.net trusty/main i386 Packages
  404  Not Found
Ign http://ppa.launchpad.net trusty/main Translation-en_US
Ign http://ppa.launchpad.net trusty/main Translation-en
Hit http://us.archive.ubuntu.com trusty-backports Release.gpg
Hit http://security.ubuntu.com trusty-security/multiverse Sources
Hit http://us.archive.ubuntu.com trusty Release
Hit http://security.ubuntu.com trusty-security/main amd64 Packages
Hit http://us.archive.ubuntu.com trusty-updates Release
Hit http://security.ubuntu.com trusty-security/restricted amd64 Packages
Hit http://us.archive.ubuntu.com trusty-backports Release
Hit http://security.ubuntu.com trusty-security/universe amd64 Packages
Hit http://us.archive.ubuntu.com trusty/main Sources
Hit http://security.ubuntu.com trusty-security/multiverse amd64 Packages
Hit http://security.ubuntu.com trusty-security/main i386 Packages
Hit http://us.archive.ubuntu.com trusty/restricted Sources
Hit http://security.ubuntu.com trusty-security/restricted i386 Packages
Hit http://us.archive.ubuntu.com trusty/universe Sources
Hit http://security.ubuntu.com trusty-security/universe i386 Packages
Hit http://us.archive.ubuntu.com trusty/multiverse Sources
Hit http://security.ubuntu.com trusty-security/multiverse i386 Packages
Hit http://us.archive.ubuntu.com trusty/main amd64 Packages
Hit http://security.ubuntu.com trusty-security/main Translation-en
Hit http://us.archive.ubuntu.com trusty/restricted amd64 Packages
Hit http://security.ubuntu.com trusty-security/multiverse Translation-en
Hit http://us.archive.ubuntu.com trusty/universe amd64 Packages
Hit http://security.ubuntu.com trusty-security/restricted Translation-en
Hit http://us.archive.ubuntu.com trusty/multiverse amd64 Packages
Hit http://security.ubuntu.com trusty-security/universe Translation-en
Hit http://us.archive.ubuntu.com trusty/main i386 Packages
Hit http://us.archive.ubuntu.com trusty/restricted i386 Packages
Hit http://us.archive.ubuntu.com trusty/universe i386 Packages
Hit http://us.archive.ubuntu.com trusty/multiverse i386 Packages
Hit http://us.archive.ubuntu.com trusty/main Translation-en
Hit http://us.archive.ubuntu.com trusty/multiverse Translation-en
Hit http://us.archive.ubuntu.com trusty/restricted Translation-en
Hit http://us.archive.ubuntu.com trusty/universe Translation-en
Hit http://us.archive.ubuntu.com trusty-updates/main Sources
Hit http://us.archive.ubuntu.com trusty-updates/restricted Sources
Hit http://us.archive.ubuntu.com trusty-updates/universe Sources
Hit http://us.archive.ubuntu.com trusty-updates/multiverse Sources
Hit http://us.archive.ubuntu.com trusty-updates/main amd64 Packages
Hit http://us.archive.ubuntu.com trusty-updates/restricted amd64 Packages
Hit http://us.archive.ubuntu.com trusty-updates/universe amd64 Packages
Hit http://us.archive.ubuntu.com trusty-updates/multiverse amd64 Packages
Hit http://us.archive.ubuntu.com trusty-updates/main i386 Packages
Hit http://us.archive.ubuntu.com trusty-updates/restricted i386 Packages
Hit http://us.archive.ubuntu.com trusty-updates/universe i386 Packages
Hit http://us.archive.ubuntu.com trusty-updates/multiverse i386 Packages
Hit http://us.archive.ubuntu.com trusty-updates/main Translation-en
Hit http://us.archive.ubuntu.com trusty-updates/multiverse Translation-en
Hit http://us.archive.ubuntu.com trusty-updates/restricted Translation-en
Hit http://us.archive.ubuntu.com trusty-updates/universe Translation-en
Hit http://us.archive.ubuntu.com trusty-backports/main Sources
Hit http://us.archive.ubuntu.com trusty-backports/restricted Sources
Hit http://us.archive.ubuntu.com trusty-backports/universe Sources
Hit http://us.archive.ubuntu.com trusty-backports/multiverse Sources
Hit http://us.archive.ubuntu.com trusty-backports/main amd64 Packages
Hit http://us.archive.ubuntu.com trusty-backports/restricted amd64 Packages
Hit http://us.archive.ubuntu.com trusty-backports/universe amd64 Packages
Hit http://us.archive.ubuntu.com trusty-backports/multiverse amd64 Packages
Hit http://us.archive.ubuntu.com trusty-backports/main i386 Packages
Hit http://us.archive.ubuntu.com trusty-backports/restricted i386 Packages
Hit http://us.archive.ubuntu.com trusty-backports/universe i386 Packages
Hit http://us.archive.ubuntu.com trusty-backports/multiverse i386 Packages
Hit http://us.archive.ubuntu.com trusty-backports/main Translation-en
Hit http://us.archive.ubuntu.com trusty-backports/multiverse Translation-en
Hit http://us.archive.ubuntu.com trusty-backports/restricted Translation-en
Hit http://us.archive.ubuntu.com trusty-backports/universe Translation-en
Ign http://us.archive.ubuntu.com trusty/main Translation-en_US
Ign http://us.archive.ubuntu.com trusty/multiverse Translation-en_US
Ign http://us.archive.ubuntu.com trusty/restricted Translation-en_US
Ign http://us.archive.ubuntu.com trusty/universe Translation-en_US
W: Failed to fetch http://ppa.launchpad.net/cartodb/base/ubuntu/dists/trusty/main/binary-amd64/Packages  404  Not Found

W: Failed to fetch http://ppa.launchpad.net/cartodb/base/ubuntu/dists/trusty/main/binary-i386/Packages  404  Not Found

W: Failed to fetch http://ppa.launchpad.net/cartodb/gis/ubuntu/dists/trusty/main/binary-amd64/Packages  404  Not Found

W: Failed to fetch http://ppa.launchpad.net/cartodb/gis/ubuntu/dists/trusty/main/binary-i386/Packages  404  Not Found

W: Failed to fetch http://ppa.launchpad.net/cartodb/mapnik/ubuntu/dists/trusty/main/binary-amd64/Packages  404  Not Found

W: Failed to fetch http://ppa.launchpad.net/cartodb/mapnik/ubuntu/dists/trusty/main/binary-i386/Packages  404  Not Found

W: Failed to fetch http://ppa.launchpad.net/cartodb/nodejs-010/ubuntu/dists/trusty/main/binary-amd64/Packages  404  Not Found

W: Failed to fetch http://ppa.launchpad.net/cartodb/nodejs-010/ubuntu/dists/trusty/main/binary-i386/Packages  404  Not Found

W: Failed to fetch http://ppa.launchpad.net/cartodb/nodejs/ubuntu/dists/trusty/main/binary-amd64/Packages  404  Not Found

W: Failed to fetch http://ppa.launchpad.net/cartodb/nodejs/ubuntu/dists/trusty/main/binary-i386/Packages  404  Not Found

W: Failed to fetch http://ppa.launchpad.net/cartodb/postgresql-9.3/ubuntu/dists/trusty/main/binary-amd64/Packages  404  Not Found

W: Failed to fetch http://ppa.launchpad.net/cartodb/postgresql-9.3/ubuntu/dists/trusty/main/binary-i386/Packages  404  Not Found

W: Failed to fetch http://ppa.launchpad.net/cartodb/redis/ubuntu/dists/trusty/main/binary-amd64/Packages  404  Not Found

W: Failed to fetch http://ppa.launchpad.net/cartodb/redis/ubuntu/dists/trusty/main/binary-i386/Packages  404  Not Found

W: Failed to fetch http://ppa.launchpad.net/cartodb/varnish/ubuntu/dists/trusty/main/binary-amd64/Packages  404  Not Found

W: Failed to fetch http://ppa.launchpad.net/cartodb/varnish/ubuntu/dists/trusty/main/binary-i386/Packages  404  Not Found

E: Some index files failed to download. They have been ignored, or old ones used instead.
