Reading package lists...
Building dependency tree...
Reading state information...
python-setuptools is already the newest version.
0 upgraded, 0 newly installed, 0 to remove and 447 not upgraded.
Searching for pip
Reading https://pypi.python.org/simple/pip/
Best match: pip 7.0.3
Downloading https://pypi.python.org/packages/source/p/pip/pip-7.0.3.tar.gz#md5=54cbf5ae000fb3af3367345f5d299d1c
Processing pip-7.0.3.tar.gz
Writing /tmp/easy_install-O0rOW9/pip-7.0.3/setup.cfg
Running pip-7.0.3/setup.py -q bdist_egg --dist-dir /tmp/easy_install-O0rOW9/pip-7.0.3/egg-dist-tmp-ZzMzum
warning: no previously-included files found matching '.coveragerc'
warning: no previously-included files found matching '.mailmap'
warning: no previously-included files found matching '.travis.yml'
warning: no previously-included files found matching 'pip/_vendor/Makefile'
warning: no previously-included files found matching 'tox.ini'
warning: no previously-included files found matching 'dev-requirements.txt'
no previously-included directories found matching '.travis'
no previously-included directories found matching 'docs/_build'
no previously-included directories found matching 'contrib'
no previously-included directories found matching 'tasks'
no previously-included directories found matching 'tests'
Adding pip 7.0.3 to easy-install.pth file
Installing pip script to /usr/local/bin
Installing pip2.7 script to /usr/local/bin
Installing pip2 script to /usr/local/bin

Installed /usr/local/lib/python2.7/dist-packages/pip-7.0.3-py2.7.egg
Processing dependencies for pip
Finished processing dependencies for pip
/usr/local/lib/python2.7/dist-packages/pip-7.0.3-py2.7.egg/pip/_vendor/requests/packages/urllib3/util/ssl_.py:90: InsecurePlatformWarning: A true SSLContext object is not available. This prevents urllib3 from configuring SSL appropriately and may cause certain SSL connections to fail. For more information, see https://urllib3.readthedocs.org/en/latest/security.html#insecureplatformwarning.
  InsecurePlatformWarning
Collecting chardet==2.3.0 (from -r python_requirements.txt (line 1))
/usr/local/lib/python2.7/dist-packages/pip-7.0.3-py2.7.egg/pip/_vendor/requests/packages/urllib3/util/ssl_.py:90: InsecurePlatformWarning: A true SSLContext object is not available. This prevents urllib3 from configuring SSL appropriately and may cause certain SSL connections to fail. For more information, see https://urllib3.readthedocs.org/en/latest/security.html#insecureplatformwarning.
  InsecurePlatformWarning
  Downloading chardet-2.3.0.tar.gz (164kB)
Requirement already satisfied (use --upgrade to upgrade): argparse==1.2.1 in /usr/lib/python2.7 (from -r python_requirements.txt (line 2))
Collecting brewery==0.6 (from -r python_requirements.txt (line 3))
  Downloading brewery-0.6.0.tar.gz (50kB)
Collecting redis==2.4.9 (from -r python_requirements.txt (line 4))
  Downloading redis-2.4.9.tar.gz
Collecting python-varnish==0.1.2 (from -r python_requirements.txt (line 5))
  Downloading python-varnish-0.1.2.tar.gz
Collecting gdal==1.10.0 (from -r python_requirements.txt (line 6))
  Downloading GDAL-1.10.0.tar.gz (449kB)
Collecting csvkit==0.9.0 (from -r python_requirements.txt (line 7))
  Downloading csvkit-0.9.0.tar.gz
Collecting openpyxl==2.1.3 (from -r python_requirements.txt (line 8))
  Downloading openpyxl-2.1.3.tar.gz (96kB)
Collecting xlrd>=0.7.1 (from csvkit==0.9.0->-r python_requirements.txt (line 7))
  Downloading xlrd-0.9.3.tar.gz (178kB)
Collecting sqlalchemy>=0.6.6 (from csvkit==0.9.0->-r python_requirements.txt (line 7))
  Downloading SQLAlchemy-1.0.5.tar.gz (4.6MB)
Collecting six>=1.6.1 (from csvkit==0.9.0->-r python_requirements.txt (line 7))
  Downloading six-1.9.0.tar.gz
Collecting python-dateutil==2.2 (from csvkit==0.9.0->-r python_requirements.txt (line 7))
  Downloading python-dateutil-2.2.tar.gz (259kB)
Collecting dbf==0.94.003 (from csvkit==0.9.0->-r python_requirements.txt (line 7))
  Downloading dbf-0.94.003.tar.gz (79kB)
Collecting jdcal (from openpyxl==2.1.3->-r python_requirements.txt (line 8))
  Downloading jdcal-1.0.tar.gz
Installing collected packages: chardet, brewery, redis, python-varnish, gdal, xlrd, sqlalchemy, jdcal, openpyxl, six, python-dateutil, dbf, csvkit
  Found existing installation: chardet 2.0.1
    DEPRECATION: Uninstalling a distutils installed project (chardet) has been deprecated and will be removed in a future version. This is due to the fact that uninstalling a distutils project will only partially uninstall the project.
    Uninstalling chardet-2.0.1:
      Successfully uninstalled chardet-2.0.1
  Running setup.py install for chardet
  Running setup.py install for brewery
  Running setup.py install for redis
  Running setup.py install for python-varnish
  Running setup.py install for gdal
  Running setup.py install for xlrd
  Running setup.py install for sqlalchemy
  Running setup.py install for jdcal
  Running setup.py install for openpyxl
  Found existing installation: six 1.5.2
    DEPRECATION: Uninstalling a distutils installed project (six) has been deprecated and will be removed in a future version. This is due to the fact that uninstalling a distutils project will only partially uninstall the project.
    Uninstalling six-1.5.2:
      Successfully uninstalled six-1.5.2
  Running setup.py install for six
  Running setup.py install for python-dateutil
  Running setup.py install for dbf
  Running setup.py install for csvkit
Successfully installed brewery-0.6.0 chardet-2.3.0 csvkit-0.9.0 dbf-0.94.3 gdal-1.10.0 jdcal-1.0 openpyxl-2.1.3 python-dateutil-2.2 python-varnish-0.1.2 redis-2.4.9 six-1.9.0 sqlalchemy-1.0.5 xlrd-0.9.3
